
=== Tue May  2 11:35:49 2023

Packages were changed.
Update Mode: updateDependencies

The following packages were added:
  com.unity.ide.visualstudio@2.0.18
  com.unity.ai.navigation@1.1.3
The following packages were updated:
  com.unity.2d.pixel-perfect from version 2.1.0 to 5.0.3
  com.unity.addressables from version 1.17.13 to 1.21.9
  com.unity.ads from version 3.6.1 to 4.4.2
  com.unity.analytics from version 3.3.5 to 3.8.1
  com.unity.collab-proxy from version 1.2.16 to 2.0.3
  com.unity.ide.rider from version 1.1.4 to 3.0.20
  com.unity.ide.vscode from version 1.2.3 to 1.2.5
  com.unity.purchasing from version 2.2.2 to 4.8.0
  com.unity.test-framework from version 1.1.22 to 1.1.33
  com.unity.textmeshpro from version 2.0.1 to 3.0.6
  com.unity.timeline from version 1.2.18 to 1.7.4
  com.unity.xr.legacyinputhelpers from version 2.1.7 to 2.1.10
The following packages were removed:
  com.unity.multiplayer-hlapi@1.0.8

=== Tue May  2 11:43:15 2023

Packages were changed.
Update Mode: updateDependencies

The following packages were added:
  com.unity.ide.visualstudio@2.0.11
The following packages were updated:
  com.unity.addressables from version 1.17.13 to 1.18.9
  com.unity.ads from version 3.6.1 to 3.7.5
  com.unity.analytics from version 3.3.5 to 3.6.11
  com.unity.collab-proxy from version 1.2.16 to 1.10.2
  com.unity.ide.rider from version 1.1.4 to 1.2.1
  com.unity.ide.vscode from version 1.2.3 to 1.2.4
  com.unity.purchasing from version 2.2.2 to 3.2.2
  com.unity.test-framework from version 1.1.22 to 1.1.29
  com.unity.textmeshpro from version 2.0.1 to 2.1.4
  com.unity.xr.legacyinputhelpers from version 2.1.7 to 2.1.8

=== Tue Oct 10 16:35:33 2023

Packages were changed.
Update Mode: updateDependencies

The following packages were updated:
  com.unity.2d.pixel-perfect from version 2.1.0 to 5.0.3
  com.unity.addressables from version 1.18.9 to 1.19.19
  com.unity.ads from version 3.7.5 to 4.4.2
  com.unity.analytics from version 3.6.11 to 3.6.12
  com.unity.collab-proxy from version 1.10.2 to 2.1.0
  com.unity.ide.rider from version 1.2.1 to 3.0.25
  com.unity.ide.visualstudio from version 2.0.11 to 2.0.21
  com.unity.ide.vscode from version 1.2.4 to 1.2.5
  com.unity.purchasing from version 3.2.2 to 4.9.3
  com.unity.test-framework from version 1.1.29 to 1.1.33
  com.unity.textmeshpro from version 2.1.4 to 3.0.6
  com.unity.timeline from version 1.2.18 to 1.6.5
  com.unity.ui.builder from version 1.0.0-preview.18 to 2.0.0
  com.unity.xr.legacyinputhelpers from version 2.1.8 to 2.1.10
The following packages were removed:
  com.unity.multiplayer-hlapi@1.0.8
